<?xml version="1.0" encoding="UTF-8"?>
<!-- Generated by org.testng.reporters.JUnitReportReporter -->
<testsuite hostname="LAPTOP-ATT95DKU" failures="0" tests="1" name="groupingConcepts.DemoTest3" time="0.025" errors="0" timestamp="2024-03-25T19:38:27 IST" skipped="0">
  <testcase classname="groupingConcepts.DemoTest3" name="sample6" time="0.025"/>
</testsuite> <!-- groupingConcepts.DemoTest3 -->
