<?xml version="1.0" encoding="UTF-8"?>
<!-- Generated by org.testng.reporters.JUnitReportReporter -->
<testsuite hostname="LAPTOP-ATT95DKU" failures="0" tests="4" name="testNg.ExcelReader" time="17.005" errors="0" timestamp="2024-04-10T07:08:14 IST" skipped="0">
  <testcase classname="testNg.ExcelReader" name="login" time="3.834"/>
  <testcase classname="testNg.ExcelReader" name="login" time="4.577"/>
  <testcase classname="testNg.ExcelReader" name="login" time="3.898"/>
  <testcase classname="testNg.ExcelReader" name="login" time="4.696"/>
</testsuite> <!-- testNg.ExcelReader -->
