<?xml version="1.0" encoding="UTF-8"?>
<!-- Generated by org.testng.reporters.JUnitReportReporter -->
<testsuite hostname="LAPTOP-ATT95DKU" failures="0" tests="2" name="extentreports.AttachExtentReport" time="0.558" errors="0" timestamp="2024-03-28T19:09:11 IST" skipped="0">
  <testcase classname="extentreports.AttachExtentReport" name="loginCredential" time="0.484"/>
  <testcase classname="extentreports.AttachExtentReport" name="verify" time="0.074"/>
</testsuite> <!-- extentreports.AttachExtentReport -->
