<?xml version="1.0" encoding="UTF-8"?>
<!-- Generated by org.testng.reporters.JUnitReportReporter -->
<testsuite hostname="LAPTOP-ATT95DKU" failures="0" tests="2" name="groupingConcepts.DemoTest1" time="0.023" errors="0" timestamp="2024-03-25T19:38:27 IST" skipped="0">
  <testcase classname="groupingConcepts.DemoTest1" name="sample1" time="0.018"/>
  <testcase classname="groupingConcepts.DemoTest1" name="sample2" time="0.005"/>
</testsuite> <!-- groupingConcepts.DemoTest1 -->
