<?xml version="1.0" encoding="UTF-8"?>
<!-- Generated by org.testng.reporters.JUnitReportReporter -->
<testsuite hostname="LAPTOP-ATT95DKU" failures="0" tests="3" name="extentreports.ExtentReportDemo" time="0.045" errors="0" timestamp="2024-03-27T19:22:43 IST" skipped="0">
  <testcase classname="extentreports.ExtentReportDemo" name="login" time="0.006"/>
  <testcase classname="extentreports.ExtentReportDemo" name="productPage" time="0.009"/>
  <testcase classname="extentreports.ExtentReportDemo" name="homePage" time="0.030"/>
</testsuite> <!-- extentreports.ExtentReportDemo -->
