<?xml version="1.0" encoding="UTF-8"?>
<!-- Generated by org.testng.reporters.JUnitReportReporter -->
<testsuite hostname="LAPTOP-ATT95DKU" failures="0" tests="1" name="groupingConcepts.DemoTest2" time="0.017" errors="0" timestamp="2024-03-25T19:38:27 IST" skipped="0">
  <testcase classname="groupingConcepts.DemoTest2" name="sample3" time="0.017"/>
</testsuite> <!-- groupingConcepts.DemoTest2 -->
